[Wed Feb 15 20:03:11.703886 2017] [mpm_prefork:notice] [pid 33] AH00163: Apache/2.4.18 (Ubuntu) configured -- resuming normal operations
[Wed Feb 15 20:03:11.704090 2017] [core:notice] [pid 33] AH00094: Command line: '/usr/sbin/apache2'
[Wed Feb 15 20:07:32.225693 2017] [mpm_prefork:notice] [pid 33] AH00169: caught SIGTERM, shutting down
[Wed Feb 15 20:07:45.452767 2017] [mpm_prefork:notice] [pid 34] AH00163: Apache/2.4.18 (Ubuntu) configured -- resuming normal operations
[Wed Feb 15 20:07:45.453103 2017] [core:notice] [pid 34] AH00094: Command line: '/usr/sbin/apache2'
[Wed Feb 15 20:21:10.328553 2017] [mpm_prefork:notice] [pid 34] AH00169: caught SIGTERM, shutting down
AH00558: apache2: Could not reliably determine the server's fully qualified domain name, using 172.17.0.4. Set the 'ServerName' directive globally to suppress this message
[Wed Feb 15 20:21:14.128694 2017] [mpm_prefork:notice] [pid 1] AH00163: Apache/2.4.10 (Debian) PHP/7.1.1 configured -- resuming normal operations
[Wed Feb 15 20:21:14.128769 2017] [core:notice] [pid 1] AH00094: Command line: 'apache2 -D FOREGROUND'
[Wed Feb 15 20:26:13.068388 2017] [mpm_prefork:notice] [pid 1] AH00169: caught SIGTERM, shutting down
AH00558: apache2: Could not reliably determine the server's fully qualified domain name, using 172.17.0.4. Set the 'ServerName' directive globally to suppress this message
[Wed Feb 15 20:26:14.085775 2017] [mpm_prefork:notice] [pid 1] AH00163: Apache/2.4.10 (Debian) PHP/7.1.1 configured -- resuming normal operations
[Wed Feb 15 20:26:14.085853 2017] [core:notice] [pid 1] AH00094: Command line: 'apache2 -D FOREGROUND'
[Wed Feb 15 20:30:05.114502 2017] [mpm_prefork:notice] [pid 1] AH00169: caught SIGTERM, shutting down
AH00558: apache2: Could not reliably determine the server's fully qualified domain name, using 172.17.0.2. Set the 'ServerName' directive globally to suppress this message
[Thu Feb 16 19:56:21.614741 2017] [mpm_prefork:notice] [pid 1] AH00163: Apache/2.4.10 (Debian) PHP/7.1.1 configured -- resuming normal operations
[Thu Feb 16 19:56:21.615144 2017] [core:notice] [pid 1] AH00094: Command line: 'apache2 -D FOREGROUND'
[Thu Feb 16 19:57:19.554497 2017] [mpm_prefork:notice] [pid 1] AH00169: caught SIGTERM, shutting down
AH00558: apache2: Could not reliably determine the server's fully qualified domain name, using 172.17.0.2. Set the 'ServerName' directive globally to suppress this message
[Thu Feb 16 19:57:20.329894 2017] [mpm_prefork:notice] [pid 1] AH00163: Apache/2.4.10 (Debian) PHP/7.1.1 configured -- resuming normal operations
[Thu Feb 16 19:57:20.330036 2017] [core:notice] [pid 1] AH00094: Command line: 'apache2 -D FOREGROUND'
